2014-08-20 02:06:54 [127.0.0.1][-][-][error][yii\db\Exception] exception 'PDOException' with message 'SQLSTATE[28000] [1045] Access denied for user 'root'@'localhost' (using password: NO)' in /var/www/project/vendor/yiisoft/yii2/db/Connection.php:565
Stack trace:
#0 /var/www/project/vendor/yiisoft/yii2/db/Connection.php(565): PDO->__construct('mysql:host=loca...', 'root', '', NULL)
#1 /var/www/project/vendor/yiisoft/yii2/db/Connection.php(515): yii\db\Connection->createPdoInstance()
#2 /var/www/project/vendor/yiisoft/yii2/db/Connection.php(822): yii\db\Connection->open()
#3 /var/www/project/vendor/yiisoft/yii2/db/Connection.php(809): yii\db\Connection->getMasterPdo()
#4 /var/www/project/vendor/yiisoft/yii2/db/Command.php(208): yii\db\Connection->getSlavePdo()
#5 /var/www/project/vendor/yiisoft/yii2/db/Command.php(834): yii\db\Command->prepare(true)
#6 /var/www/project/vendor/yiisoft/yii2/db/Command.php(393): yii\db\Command->queryInternal('fetchAll', 7)
#7 /var/www/project/vendor/yiisoft/yii2/db/mysql/Schema.php(305): yii\db\Command->queryColumn()
#8 /var/www/project/vendor/yiisoft/yii2/db/Schema.php(205): yii\db\mysql\Schema->findTableNames('')
#9 /var/www/project/vendor/yiisoft/yii2-gii/generators/model/Generator.php(133): yii\db\Schema->getTableNames()
#10 [internal function]: yii\gii\generators\model\Generator->yii\gii\generators\model\{closure}()
#11 /var/www/project/vendor/yiisoft/yii2-gii/components/ActiveField.php(41): call_user_func(Object(Closure))
#12 /var/www/project/vendor/yiisoft/yii2/base/Object.php(107): yii\gii\components\ActiveField->init()
#13 [internal function]: yii\base\Object->__construct(Array)
#14 /var/www/project/vendor/yiisoft/yii2/di/Container.php(364): ReflectionClass->newInstanceArgs(Array)
#15 /var/www/project/vendor/yiisoft/yii2/di/Container.php(147): yii\di\Container->build('yii\gii\compone...', Array, Array)
#16 /var/www/project/vendor/yiisoft/yii2/BaseYii.php(344): yii\di\Container->get('yii\gii\compone...', Array, Array)
#17 /var/www/project/vendor/yiisoft/yii2/widgets/ActiveForm.php(315): yii\BaseYii::createObject(Array)
#18 /var/www/project/vendor/yiisoft/yii2-gii/generators/model/form.php(6): yii\widgets\ActiveForm->field(Object(yii\gii\generators\model\Generator), 'tableName')
#19 /var/www/project/vendor/yiisoft/yii2/base/View.php(315): require('/var/www/projec...')
#20 /var/www/project/vendor/yiisoft/yii2/base/View.php(247): yii\base\View->renderPhpFile('/var/www/projec...', Array)
#21 /var/www/project/vendor/yiisoft/yii2-gii/views/default/view.php(38): yii\base\View->renderFile('/var/www/projec...', Array)
#22 /var/www/project/vendor/yiisoft/yii2/base/View.php(315): require('/var/www/projec...')
#23 /var/www/project/vendor/yiisoft/yii2/base/View.php(247): yii\base\View->renderPhpFile('/var/www/projec...', Array)
#24 /var/www/project/vendor/yiisoft/yii2/base/View.php(149): yii\base\View->renderFile('/var/www/projec...', Array, Object(yii\gii\controllers\DefaultController))
#25 /var/www/project/vendor/yiisoft/yii2/base/Controller.php(365): yii\base\View->render('view', Array, Object(yii\gii\controllers\DefaultController))
#26 /var/www/project/vendor/yiisoft/yii2-gii/controllers/DefaultController.php(56): yii\base\Controller->render('view', Array)
#27 [internal function]: yii\gii\controllers\DefaultController->actionView('model')
#28 /var/www/project/vendor/yiisoft/yii2/base/InlineAction.php(55): call_user_func_array(Array, Array)
#29 /var/www/project/vendor/yiisoft/yii2/base/Controller.php(150): yii\base\InlineAction->runWithParams(Array)
#30 /var/www/project/vendor/yiisoft/yii2/base/Module.php(462): yii\base\Controller->runAction('view', Array)
#31 /var/www/project/vendor/yiisoft/yii2/web/Application.php(83): yii\base\Module->runAction('gii/default/vie...', Array)
#32 /var/www/project/vendor/yiisoft/yii2/base/Application.php(371): yii\web\Application->handleRequest(Object(yii\web\Request))
#33 /var/www/project/backend/web/index.php(17): yii\base\Application->run()
#34 {main}

Next exception 'yii\db\Exception' with message 'SQLSTATE[28000] [1045] Access denied for user 'root'@'localhost' (using password: NO)' in /var/www/project/vendor/yiisoft/yii2/db/Connection.php:520
Stack trace:
#0 /var/www/project/vendor/yiisoft/yii2/db/Connection.php(822): yii\db\Connection->open()
#1 /var/www/project/vendor/yiisoft/yii2/db/Connection.php(809): yii\db\Connection->getMasterPdo()
#2 /var/www/project/vendor/yiisoft/yii2/db/Command.php(208): yii\db\Connection->getSlavePdo()
#3 /var/www/project/vendor/yiisoft/yii2/db/Command.php(834): yii\db\Command->prepare(true)
#4 /var/www/project/vendor/yiisoft/yii2/db/Command.php(393): yii\db\Command->queryInternal('fetchAll', 7)
#5 /var/www/project/vendor/yiisoft/yii2/db/mysql/Schema.php(305): yii\db\Command->queryColumn()
#6 /var/www/project/vendor/yiisoft/yii2/db/Schema.php(205): yii\db\mysql\Schema->findTableNames('')
#7 /var/www/project/vendor/yiisoft/yii2-gii/generators/model/Generator.php(133): yii\db\Schema->getTableNames()
#8 [internal function]: yii\gii\generators\model\Generator->yii\gii\generators\model\{closure}()
#9 /var/www/project/vendor/yiisoft/yii2-gii/components/ActiveField.php(41): call_user_func(Object(Closure))
#10 /var/www/project/vendor/yiisoft/yii2/base/Object.php(107): yii\gii\components\ActiveField->init()
#11 [internal function]: yii\base\Object->__construct(Array)
#12 /var/www/project/vendor/yiisoft/yii2/di/Container.php(364): ReflectionClass->newInstanceArgs(Array)
#13 /var/www/project/vendor/yiisoft/yii2/di/Container.php(147): yii\di\Container->build('yii\gii\compone...', Array, Array)
#14 /var/www/project/vendor/yiisoft/yii2/BaseYii.php(344): yii\di\Container->get('yii\gii\compone...', Array, Array)
#15 /var/www/project/vendor/yiisoft/yii2/widgets/ActiveForm.php(315): yii\BaseYii::createObject(Array)
#16 /var/www/project/vendor/yiisoft/yii2-gii/generators/model/form.php(6): yii\widgets\ActiveForm->field(Object(yii\gii\generators\model\Generator), 'tableName')
#17 /var/www/project/vendor/yiisoft/yii2/base/View.php(315): require('/var/www/projec...')
#18 /var/www/project/vendor/yiisoft/yii2/base/View.php(247): yii\base\View->renderPhpFile('/var/www/projec...', Array)
#19 /var/www/project/vendor/yiisoft/yii2-gii/views/default/view.php(38): yii\base\View->renderFile('/var/www/projec...', Array)
#20 /var/www/project/vendor/yiisoft/yii2/base/View.php(315): require('/var/www/projec...')
#21 /var/www/project/vendor/yiisoft/yii2/base/View.php(247): yii\base\View->renderPhpFile('/var/www/projec...', Array)
#22 /var/www/project/vendor/yiisoft/yii2/base/View.php(149): yii\base\View->renderFile('/var/www/projec...', Array, Object(yii\gii\controllers\DefaultController))
#23 /var/www/project/vendor/yiisoft/yii2/base/Controller.php(365): yii\base\View->render('view', Array, Object(yii\gii\controllers\DefaultController))
#24 /var/www/project/vendor/yiisoft/yii2-gii/controllers/DefaultController.php(56): yii\base\Controller->render('view', Array)
#25 [internal function]: yii\gii\controllers\DefaultController->actionView('model')
#26 /var/www/project/vendor/yiisoft/yii2/base/InlineAction.php(55): call_user_func_array(Array, Array)
#27 /var/www/project/vendor/yiisoft/yii2/base/Controller.php(150): yii\base\InlineAction->runWithParams(Array)
#28 /var/www/project/vendor/yiisoft/yii2/base/Module.php(462): yii\base\Controller->runAction('view', Array)
#29 /var/www/project/vendor/yiisoft/yii2/web/Application.php(83): yii\base\Module->runAction('gii/default/vie...', Array)
#30 /var/www/project/vendor/yiisoft/yii2/base/Application.php(371): yii\web\Application->handleRequest(Object(yii\web\Request))
#31 /var/www/project/backend/web/index.php(17): yii\base\Application->run()
#32 {main}
Additional Information:

2014-08-20 02:06:54 [127.0.0.1][-][-][info][application] $_GET = [
    'r' => 'gii/default/view'
    'id' => 'model'
]

$_COOKIE = [
    'CNZZDATA5915994' => 'cnzz_eid=613450645-1407830445-&ntime=1408327001'
    'el-finder-last-finder' => '92e1beef23476ce24e93f86041a6bbcc'
    '_qzja' => '1.1614851673.1407835545168.1408437586530.1408499419062.1408499428425.1408499434867.0.0.0.120.11'
    '_qzjb' => '1.1408499419062.3.0.0.0'
    '_qzjc' => '1'
    '_qzjto' => '3.1.0'
    '_csrf' => 'f65e80d5b48ec3fbe9b7adb1bf0d8eb60a24bdfed8847a40517816ca086f6677s:32:\"HMIYAIIH4T9C9SFlIn-yDImT084c-pDn\";'
]

$_SERVER = [
    'HTTP_AUTHORIZATION' => ''
    'HTTP_HOST' => 'localhost'
    'HTTP_CONNECTION' => 'keep-alive'
    'HTTP_ACCEPT' => 'text/html,application/xhtml+xml,application/xml;q=0.9,image/webp,*/*;q=0.8'
    'HTTP_USER_AGENT' => 'Mozilla/5.0 (X11; Linux x86_64) AppleWebKit/537.36 (KHTML, like Gecko) Ubuntu Chromium/31.0.1650.63 Chrome/31.0.1650.63 Safari/537.36'
    'HTTP_REFERER' => 'http://localhost/project/backend/web/index.php?r=gii'
    'HTTP_ACCEPT_ENCODING' => 'gzip,deflate,sdch'
    'HTTP_ACCEPT_LANGUAGE' => 'zh-CN,zh;q=0.8,en;q=0.6,ja;q=0.4,zh-TW;q=0.2'
    'HTTP_COOKIE' => 'CNZZDATA5915994=cnzz_eid%3D613450645-1407830445-%26ntime%3D1408327001; el-finder-last-finder=92e1beef23476ce24e93f86041a6bbcc; _qzja=1.1614851673.1407835545168.1408437586530.1408499419062.1408499428425.1408499434867.0.0.0.120.11; _qzjb=1.1408499419062.3.0.0.0; _qzjc=1; _qzjto=3.1.0; _csrf=f65e80d5b48ec3fbe9b7adb1bf0d8eb60a24bdfed8847a40517816ca086f6677s%3A32%3A%22HMIYAIIH4T9C9SFlIn-yDImT084c-pDn%22%3B'
    'PATH' => '/usr/local/bin:/usr/bin:/bin'
    'SERVER_SIGNATURE' => '<address>Apache/2.2.22 (Ubuntu) Server at localhost Port 80</address>
'
    'SERVER_SOFTWARE' => 'Apache/2.2.22 (Ubuntu)'
    'SERVER_NAME' => 'localhost'
    'SERVER_ADDR' => '127.0.0.1'
    'SERVER_PORT' => '80'
    'REMOTE_ADDR' => '127.0.0.1'
    'DOCUMENT_ROOT' => '/var/www'
    'SERVER_ADMIN' => 'webmaster@localhost'
    'SCRIPT_FILENAME' => '/var/www/project/backend/web/index.php'
    'REMOTE_PORT' => '59165'
    'GATEWAY_INTERFACE' => 'CGI/1.1'
    'SERVER_PROTOCOL' => 'HTTP/1.1'
    'REQUEST_METHOD' => 'GET'
    'QUERY_STRING' => 'r=gii%2Fdefault%2Fview&id=model'
    'REQUEST_URI' => '/project/backend/web/index.php?r=gii%2Fdefault%2Fview&id=model'
    'SCRIPT_NAME' => '/project/backend/web/index.php'
    'PHP_SELF' => '/project/backend/web/index.php'
    'REQUEST_TIME_FLOAT' => 1408500414.639
    'REQUEST_TIME' => 1408500414
]
2014-08-20 02:07:12 [127.0.0.1][-][-][error][yii\db\Exception] exception 'PDOException' with message 'SQLSTATE[28000] [1045] Access denied for user 'root'@'localhost' (using password: NO)' in /var/www/project/vendor/yiisoft/yii2/db/Connection.php:565
Stack trace:
#0 /var/www/project/vendor/yiisoft/yii2/db/Connection.php(565): PDO->__construct('mysql:host=loca...', 'root', '', NULL)
#1 /var/www/project/vendor/yiisoft/yii2/db/Connection.php(515): yii\db\Connection->createPdoInstance()
#2 /var/www/project/vendor/yiisoft/yii2/db/Connection.php(822): yii\db\Connection->open()
#3 /var/www/project/vendor/yiisoft/yii2/db/Connection.php(809): yii\db\Connection->getMasterPdo()
#4 /var/www/project/vendor/yiisoft/yii2/db/Command.php(208): yii\db\Connection->getSlavePdo()
#5 /var/www/project/vendor/yiisoft/yii2/db/Command.php(834): yii\db\Command->prepare(true)
#6 /var/www/project/vendor/yiisoft/yii2/db/Command.php(393): yii\db\Command->queryInternal('fetchAll', 7)
#7 /var/www/project/vendor/yiisoft/yii2/db/mysql/Schema.php(305): yii\db\Command->queryColumn()
#8 /var/www/project/vendor/yiisoft/yii2/db/Schema.php(205): yii\db\mysql\Schema->findTableNames('')
#9 /var/www/project/vendor/yiisoft/yii2-gii/generators/model/Generator.php(133): yii\db\Schema->getTableNames()
#10 [internal function]: yii\gii\generators\model\Generator->yii\gii\generators\model\{closure}()
#11 /var/www/project/vendor/yiisoft/yii2-gii/components/ActiveField.php(41): call_user_func(Object(Closure))
#12 /var/www/project/vendor/yiisoft/yii2/base/Object.php(107): yii\gii\components\ActiveField->init()
#13 [internal function]: yii\base\Object->__construct(Array)
#14 /var/www/project/vendor/yiisoft/yii2/di/Container.php(364): ReflectionClass->newInstanceArgs(Array)
#15 /var/www/project/vendor/yiisoft/yii2/di/Container.php(147): yii\di\Container->build('yii\gii\compone...', Array, Array)
#16 /var/www/project/vendor/yiisoft/yii2/BaseYii.php(344): yii\di\Container->get('yii\gii\compone...', Array, Array)
#17 /var/www/project/vendor/yiisoft/yii2/widgets/ActiveForm.php(315): yii\BaseYii::createObject(Array)
#18 /var/www/project/vendor/yiisoft/yii2-gii/generators/model/form.php(6): yii\widgets\ActiveForm->field(Object(yii\gii\generators\model\Generator), 'tableName')
#19 /var/www/project/vendor/yiisoft/yii2/base/View.php(315): require('/var/www/projec...')
#20 /var/www/project/vendor/yiisoft/yii2/base/View.php(247): yii\base\View->renderPhpFile('/var/www/projec...', Array)
#21 /var/www/project/vendor/yiisoft/yii2-gii/views/default/view.php(38): yii\base\View->renderFile('/var/www/projec...', Array)
#22 /var/www/project/vendor/yiisoft/yii2/base/View.php(315): require('/var/www/projec...')
#23 /var/www/project/vendor/yiisoft/yii2/base/View.php(247): yii\base\View->renderPhpFile('/var/www/projec...', Array)
#24 /var/www/project/vendor/yiisoft/yii2/base/View.php(149): yii\base\View->renderFile('/var/www/projec...', Array, Object(yii\gii\controllers\DefaultController))
#25 /var/www/project/vendor/yiisoft/yii2/base/Controller.php(365): yii\base\View->render('view', Array, Object(yii\gii\controllers\DefaultController))
#26 /var/www/project/vendor/yiisoft/yii2-gii/controllers/DefaultController.php(56): yii\base\Controller->render('view', Array)
#27 [internal function]: yii\gii\controllers\DefaultController->actionView('model')
#28 /var/www/project/vendor/yiisoft/yii2/base/InlineAction.php(55): call_user_func_array(Array, Array)
#29 /var/www/project/vendor/yiisoft/yii2/base/Controller.php(150): yii\base\InlineAction->runWithParams(Array)
#30 /var/www/project/vendor/yiisoft/yii2/base/Module.php(462): yii\base\Controller->runAction('view', Array)
#31 /var/www/project/vendor/yiisoft/yii2/web/Application.php(83): yii\base\Module->runAction('gii/default/vie...', Array)
#32 /var/www/project/vendor/yiisoft/yii2/base/Application.php(371): yii\web\Application->handleRequest(Object(yii\web\Request))
#33 /var/www/project/backend/web/index.php(17): yii\base\Application->run()
#34 {main}

Next exception 'yii\db\Exception' with message 'SQLSTATE[28000] [1045] Access denied for user 'root'@'localhost' (using password: NO)' in /var/www/project/vendor/yiisoft/yii2/db/Connection.php:520
Stack trace:
#0 /var/www/project/vendor/yiisoft/yii2/db/Connection.php(822): yii\db\Connection->open()
#1 /var/www/project/vendor/yiisoft/yii2/db/Connection.php(809): yii\db\Connection->getMasterPdo()
#2 /var/www/project/vendor/yiisoft/yii2/db/Command.php(208): yii\db\Connection->getSlavePdo()
#3 /var/www/project/vendor/yiisoft/yii2/db/Command.php(834): yii\db\Command->prepare(true)
#4 /var/www/project/vendor/yiisoft/yii2/db/Command.php(393): yii\db\Command->queryInternal('fetchAll', 7)
#5 /var/www/project/vendor/yiisoft/yii2/db/mysql/Schema.php(305): yii\db\Command->queryColumn()
#6 /var/www/project/vendor/yiisoft/yii2/db/Schema.php(205): yii\db\mysql\Schema->findTableNames('')
#7 /var/www/project/vendor/yiisoft/yii2-gii/generators/model/Generator.php(133): yii\db\Schema->getTableNames()
#8 [internal function]: yii\gii\generators\model\Generator->yii\gii\generators\model\{closure}()
#9 /var/www/project/vendor/yiisoft/yii2-gii/components/ActiveField.php(41): call_user_func(Object(Closure))
#10 /var/www/project/vendor/yiisoft/yii2/base/Object.php(107): yii\gii\components\ActiveField->init()
#11 [internal function]: yii\base\Object->__construct(Array)
#12 /var/www/project/vendor/yiisoft/yii2/di/Container.php(364): ReflectionClass->newInstanceArgs(Array)
#13 /var/www/project/vendor/yiisoft/yii2/di/Container.php(147): yii\di\Container->build('yii\gii\compone...', Array, Array)
#14 /var/www/project/vendor/yiisoft/yii2/BaseYii.php(344): yii\di\Container->get('yii\gii\compone...', Array, Array)
#15 /var/www/project/vendor/yiisoft/yii2/widgets/ActiveForm.php(315): yii\BaseYii::createObject(Array)
#16 /var/www/project/vendor/yiisoft/yii2-gii/generators/model/form.php(6): yii\widgets\ActiveForm->field(Object(yii\gii\generators\model\Generator), 'tableName')
#17 /var/www/project/vendor/yiisoft/yii2/base/View.php(315): require('/var/www/projec...')
#18 /var/www/project/vendor/yiisoft/yii2/base/View.php(247): yii\base\View->renderPhpFile('/var/www/projec...', Array)
#19 /var/www/project/vendor/yiisoft/yii2-gii/views/default/view.php(38): yii\base\View->renderFile('/var/www/projec...', Array)
#20 /var/www/project/vendor/yiisoft/yii2/base/View.php(315): require('/var/www/projec...')
#21 /var/www/project/vendor/yiisoft/yii2/base/View.php(247): yii\base\View->renderPhpFile('/var/www/projec...', Array)
#22 /var/www/project/vendor/yiisoft/yii2/base/View.php(149): yii\base\View->renderFile('/var/www/projec...', Array, Object(yii\gii\controllers\DefaultController))
#23 /var/www/project/vendor/yiisoft/yii2/base/Controller.php(365): yii\base\View->render('view', Array, Object(yii\gii\controllers\DefaultController))
#24 /var/www/project/vendor/yiisoft/yii2-gii/controllers/DefaultController.php(56): yii\base\Controller->render('view', Array)
#25 [internal function]: yii\gii\controllers\DefaultController->actionView('model')
#26 /var/www/project/vendor/yiisoft/yii2/base/InlineAction.php(55): call_user_func_array(Array, Array)
#27 /var/www/project/vendor/yiisoft/yii2/base/Controller.php(150): yii\base\InlineAction->runWithParams(Array)
#28 /var/www/project/vendor/yiisoft/yii2/base/Module.php(462): yii\base\Controller->runAction('view', Array)
#29 /var/www/project/vendor/yiisoft/yii2/web/Application.php(83): yii\base\Module->runAction('gii/default/vie...', Array)
#30 /var/www/project/vendor/yiisoft/yii2/base/Application.php(371): yii\web\Application->handleRequest(Object(yii\web\Request))
#31 /var/www/project/backend/web/index.php(17): yii\base\Application->run()
#32 {main}
Additional Information:

2014-08-20 02:07:12 [127.0.0.1][-][-][info][application] $_GET = [
    'r' => 'gii/default/view'
    'id' => 'model'
]

$_COOKIE = [
    'CNZZDATA5915994' => 'cnzz_eid=613450645-1407830445-&ntime=1408327001'
    'el-finder-last-finder' => '92e1beef23476ce24e93f86041a6bbcc'
    '_qzja' => '1.1614851673.1407835545168.1408437586530.1408499419062.1408499428425.1408499434867.0.0.0.120.11'
    '_qzjb' => '1.1408499419062.3.0.0.0'
    '_qzjc' => '1'
    '_qzjto' => '3.1.0'
    '_csrf' => 'f65e80d5b48ec3fbe9b7adb1bf0d8eb60a24bdfed8847a40517816ca086f6677s:32:\"HMIYAIIH4T9C9SFlIn-yDImT084c-pDn\";'
]

$_SERVER = [
    'HTTP_AUTHORIZATION' => ''
    'HTTP_HOST' => 'localhost'
    'HTTP_CONNECTION' => 'keep-alive'
    'HTTP_ACCEPT' => 'text/html,application/xhtml+xml,application/xml;q=0.9,image/webp,*/*;q=0.8'
    'HTTP_USER_AGENT' => 'Mozilla/5.0 (X11; Linux x86_64) AppleWebKit/537.36 (KHTML, like Gecko) Ubuntu Chromium/31.0.1650.63 Chrome/31.0.1650.63 Safari/537.36'
    'HTTP_REFERER' => 'http://localhost/project/backend/web/index.php?r=gii'
    'HTTP_ACCEPT_ENCODING' => 'gzip,deflate,sdch'
    'HTTP_ACCEPT_LANGUAGE' => 'zh-CN,zh;q=0.8,en;q=0.6,ja;q=0.4,zh-TW;q=0.2'
    'HTTP_COOKIE' => 'CNZZDATA5915994=cnzz_eid%3D613450645-1407830445-%26ntime%3D1408327001; el-finder-last-finder=92e1beef23476ce24e93f86041a6bbcc; _qzja=1.1614851673.1407835545168.1408437586530.1408499419062.1408499428425.1408499434867.0.0.0.120.11; _qzjb=1.1408499419062.3.0.0.0; _qzjc=1; _qzjto=3.1.0; _csrf=f65e80d5b48ec3fbe9b7adb1bf0d8eb60a24bdfed8847a40517816ca086f6677s%3A32%3A%22HMIYAIIH4T9C9SFlIn-yDImT084c-pDn%22%3B'
    'PATH' => '/usr/local/bin:/usr/bin:/bin'
    'SERVER_SIGNATURE' => '<address>Apache/2.2.22 (Ubuntu) Server at localhost Port 80</address>
'
    'SERVER_SOFTWARE' => 'Apache/2.2.22 (Ubuntu)'
    'SERVER_NAME' => 'localhost'
    'SERVER_ADDR' => '127.0.0.1'
    'SERVER_PORT' => '80'
    'REMOTE_ADDR' => '127.0.0.1'
    'DOCUMENT_ROOT' => '/var/www'
    'SERVER_ADMIN' => 'webmaster@localhost'
    'SCRIPT_FILENAME' => '/var/www/project/backend/web/index.php'
    'REMOTE_PORT' => '59169'
    'GATEWAY_INTERFACE' => 'CGI/1.1'
    'SERVER_PROTOCOL' => 'HTTP/1.1'
    'REQUEST_METHOD' => 'GET'
    'QUERY_STRING' => 'r=gii%2Fdefault%2Fview&id=model'
    'REQUEST_URI' => '/project/backend/web/index.php?r=gii%2Fdefault%2Fview&id=model'
    'SCRIPT_NAME' => '/project/backend/web/index.php'
    'PHP_SELF' => '/project/backend/web/index.php'
    'REQUEST_TIME_FLOAT' => 1408500432.247
    'REQUEST_TIME' => 1408500432
]
2014-08-20 02:09:07 [127.0.0.1][-][-][error][yii\db\Exception] exception 'PDOException' with message 'SQLSTATE[42000] [1049] Unknown database 'y2'' in /var/www/project/vendor/yiisoft/yii2/db/Connection.php:565
Stack trace:
#0 /var/www/project/vendor/yiisoft/yii2/db/Connection.php(565): PDO->__construct('mysql:host=loca...', 'root', '123456', NULL)
#1 /var/www/project/vendor/yiisoft/yii2/db/Connection.php(515): yii\db\Connection->createPdoInstance()
#2 /var/www/project/vendor/yiisoft/yii2/db/Connection.php(822): yii\db\Connection->open()
#3 /var/www/project/vendor/yiisoft/yii2/db/Connection.php(809): yii\db\Connection->getMasterPdo()
#4 /var/www/project/vendor/yiisoft/yii2/db/Command.php(208): yii\db\Connection->getSlavePdo()
#5 /var/www/project/vendor/yiisoft/yii2/db/Command.php(834): yii\db\Command->prepare(true)
#6 /var/www/project/vendor/yiisoft/yii2/db/Command.php(393): yii\db\Command->queryInternal('fetchAll', 7)
#7 /var/www/project/vendor/yiisoft/yii2/db/mysql/Schema.php(305): yii\db\Command->queryColumn()
#8 /var/www/project/vendor/yiisoft/yii2/db/Schema.php(205): yii\db\mysql\Schema->findTableNames('')
#9 /var/www/project/vendor/yiisoft/yii2-gii/generators/model/Generator.php(133): yii\db\Schema->getTableNames()
#10 [internal function]: yii\gii\generators\model\Generator->yii\gii\generators\model\{closure}()
#11 /var/www/project/vendor/yiisoft/yii2-gii/components/ActiveField.php(41): call_user_func(Object(Closure))
#12 /var/www/project/vendor/yiisoft/yii2/base/Object.php(107): yii\gii\components\ActiveField->init()
#13 [internal function]: yii\base\Object->__construct(Array)
#14 /var/www/project/vendor/yiisoft/yii2/di/Container.php(364): ReflectionClass->newInstanceArgs(Array)
#15 /var/www/project/vendor/yiisoft/yii2/di/Container.php(147): yii\di\Container->build('yii\gii\compone...', Array, Array)
#16 /var/www/project/vendor/yiisoft/yii2/BaseYii.php(344): yii\di\Container->get('yii\gii\compone...', Array, Array)
#17 /var/www/project/vendor/yiisoft/yii2/widgets/ActiveForm.php(315): yii\BaseYii::createObject(Array)
#18 /var/www/project/vendor/yiisoft/yii2-gii/generators/model/form.php(6): yii\widgets\ActiveForm->field(Object(yii\gii\generators\model\Generator), 'tableName')
#19 /var/www/project/vendor/yiisoft/yii2/base/View.php(315): require('/var/www/projec...')
#20 /var/www/project/vendor/yiisoft/yii2/base/View.php(247): yii\base\View->renderPhpFile('/var/www/projec...', Array)
#21 /var/www/project/vendor/yiisoft/yii2-gii/views/default/view.php(38): yii\base\View->renderFile('/var/www/projec...', Array)
#22 /var/www/project/vendor/yiisoft/yii2/base/View.php(315): require('/var/www/projec...')
#23 /var/www/project/vendor/yiisoft/yii2/base/View.php(247): yii\base\View->renderPhpFile('/var/www/projec...', Array)
#24 /var/www/project/vendor/yiisoft/yii2/base/View.php(149): yii\base\View->renderFile('/var/www/projec...', Array, Object(yii\gii\controllers\DefaultController))
#25 /var/www/project/vendor/yiisoft/yii2/base/Controller.php(365): yii\base\View->render('view', Array, Object(yii\gii\controllers\DefaultController))
#26 /var/www/project/vendor/yiisoft/yii2-gii/controllers/DefaultController.php(56): yii\base\Controller->render('view', Array)
#27 [internal function]: yii\gii\controllers\DefaultController->actionView('model')
#28 /var/www/project/vendor/yiisoft/yii2/base/InlineAction.php(55): call_user_func_array(Array, Array)
#29 /var/www/project/vendor/yiisoft/yii2/base/Controller.php(150): yii\base\InlineAction->runWithParams(Array)
#30 /var/www/project/vendor/yiisoft/yii2/base/Module.php(462): yii\base\Controller->runAction('view', Array)
#31 /var/www/project/vendor/yiisoft/yii2/web/Application.php(83): yii\base\Module->runAction('gii/default/vie...', Array)
#32 /var/www/project/vendor/yiisoft/yii2/base/Application.php(371): yii\web\Application->handleRequest(Object(yii\web\Request))
#33 /var/www/project/backend/web/index.php(17): yii\base\Application->run()
#34 {main}

Next exception 'yii\db\Exception' with message 'SQLSTATE[42000] [1049] Unknown database 'y2'' in /var/www/project/vendor/yiisoft/yii2/db/Connection.php:520
Stack trace:
#0 /var/www/project/vendor/yiisoft/yii2/db/Connection.php(822): yii\db\Connection->open()
#1 /var/www/project/vendor/yiisoft/yii2/db/Connection.php(809): yii\db\Connection->getMasterPdo()
#2 /var/www/project/vendor/yiisoft/yii2/db/Command.php(208): yii\db\Connection->getSlavePdo()
#3 /var/www/project/vendor/yiisoft/yii2/db/Command.php(834): yii\db\Command->prepare(true)
#4 /var/www/project/vendor/yiisoft/yii2/db/Command.php(393): yii\db\Command->queryInternal('fetchAll', 7)
#5 /var/www/project/vendor/yiisoft/yii2/db/mysql/Schema.php(305): yii\db\Command->queryColumn()
#6 /var/www/project/vendor/yiisoft/yii2/db/Schema.php(205): yii\db\mysql\Schema->findTableNames('')
#7 /var/www/project/vendor/yiisoft/yii2-gii/generators/model/Generator.php(133): yii\db\Schema->getTableNames()
#8 [internal function]: yii\gii\generators\model\Generator->yii\gii\generators\model\{closure}()
#9 /var/www/project/vendor/yiisoft/yii2-gii/components/ActiveField.php(41): call_user_func(Object(Closure))
#10 /var/www/project/vendor/yiisoft/yii2/base/Object.php(107): yii\gii\components\ActiveField->init()
#11 [internal function]: yii\base\Object->__construct(Array)
#12 /var/www/project/vendor/yiisoft/yii2/di/Container.php(364): ReflectionClass->newInstanceArgs(Array)
#13 /var/www/project/vendor/yiisoft/yii2/di/Container.php(147): yii\di\Container->build('yii\gii\compone...', Array, Array)
#14 /var/www/project/vendor/yiisoft/yii2/BaseYii.php(344): yii\di\Container->get('yii\gii\compone...', Array, Array)
#15 /var/www/project/vendor/yiisoft/yii2/widgets/ActiveForm.php(315): yii\BaseYii::createObject(Array)
#16 /var/www/project/vendor/yiisoft/yii2-gii/generators/model/form.php(6): yii\widgets\ActiveForm->field(Object(yii\gii\generators\model\Generator), 'tableName')
#17 /var/www/project/vendor/yiisoft/yii2/base/View.php(315): require('/var/www/projec...')
#18 /var/www/project/vendor/yiisoft/yii2/base/View.php(247): yii\base\View->renderPhpFile('/var/www/projec...', Array)
#19 /var/www/project/vendor/yiisoft/yii2-gii/views/default/view.php(38): yii\base\View->renderFile('/var/www/projec...', Array)
#20 /var/www/project/vendor/yiisoft/yii2/base/View.php(315): require('/var/www/projec...')
#21 /var/www/project/vendor/yiisoft/yii2/base/View.php(247): yii\base\View->renderPhpFile('/var/www/projec...', Array)
#22 /var/www/project/vendor/yiisoft/yii2/base/View.php(149): yii\base\View->renderFile('/var/www/projec...', Array, Object(yii\gii\controllers\DefaultController))
#23 /var/www/project/vendor/yiisoft/yii2/base/Controller.php(365): yii\base\View->render('view', Array, Object(yii\gii\controllers\DefaultController))
#24 /var/www/project/vendor/yiisoft/yii2-gii/controllers/DefaultController.php(56): yii\base\Controller->render('view', Array)
#25 [internal function]: yii\gii\controllers\DefaultController->actionView('model')
#26 /var/www/project/vendor/yiisoft/yii2/base/InlineAction.php(55): call_user_func_array(Array, Array)
#27 /var/www/project/vendor/yiisoft/yii2/base/Controller.php(150): yii\base\InlineAction->runWithParams(Array)
#28 /var/www/project/vendor/yiisoft/yii2/base/Module.php(462): yii\base\Controller->runAction('view', Array)
#29 /var/www/project/vendor/yiisoft/yii2/web/Application.php(83): yii\base\Module->runAction('gii/default/vie...', Array)
#30 /var/www/project/vendor/yiisoft/yii2/base/Application.php(371): yii\web\Application->handleRequest(Object(yii\web\Request))
#31 /var/www/project/backend/web/index.php(17): yii\base\Application->run()
#32 {main}
Additional Information:

2014-08-20 02:09:07 [127.0.0.1][-][-][info][application] $_GET = [
    'r' => 'gii/default/view'
    'id' => 'model'
]

$_COOKIE = [
    'CNZZDATA5915994' => 'cnzz_eid=613450645-1407830445-&ntime=1408327001'
    'el-finder-last-finder' => '92e1beef23476ce24e93f86041a6bbcc'
    '_qzja' => '1.1614851673.1407835545168.1408437586530.1408499419062.1408499428425.1408499434867.0.0.0.120.11'
    '_qzjb' => '1.1408499419062.3.0.0.0'
    '_qzjc' => '1'
    '_qzjto' => '3.1.0'
    '_csrf' => 'f65e80d5b48ec3fbe9b7adb1bf0d8eb60a24bdfed8847a40517816ca086f6677s:32:\"HMIYAIIH4T9C9SFlIn-yDImT084c-pDn\";'
]

$_SERVER = [
    'HTTP_AUTHORIZATION' => ''
    'HTTP_HOST' => 'localhost'
    'HTTP_CONNECTION' => 'keep-alive'
    'HTTP_CACHE_CONTROL' => 'max-age=0'
    'HTTP_ACCEPT' => 'text/html,application/xhtml+xml,application/xml;q=0.9,image/webp,*/*;q=0.8'
    'HTTP_USER_AGENT' => 'Mozilla/5.0 (X11; Linux x86_64) AppleWebKit/537.36 (KHTML, like Gecko) Ubuntu Chromium/31.0.1650.63 Chrome/31.0.1650.63 Safari/537.36'
    'HTTP_REFERER' => 'http://localhost/project/backend/web/index.php?r=gii'
    'HTTP_ACCEPT_ENCODING' => 'gzip,deflate,sdch'
    'HTTP_ACCEPT_LANGUAGE' => 'zh-CN,zh;q=0.8,en;q=0.6,ja;q=0.4,zh-TW;q=0.2'
    'HTTP_COOKIE' => 'CNZZDATA5915994=cnzz_eid%3D613450645-1407830445-%26ntime%3D1408327001; el-finder-last-finder=92e1beef23476ce24e93f86041a6bbcc; _qzja=1.1614851673.1407835545168.1408437586530.1408499419062.1408499428425.1408499434867.0.0.0.120.11; _qzjb=1.1408499419062.3.0.0.0; _qzjc=1; _qzjto=3.1.0; _csrf=f65e80d5b48ec3fbe9b7adb1bf0d8eb60a24bdfed8847a40517816ca086f6677s%3A32%3A%22HMIYAIIH4T9C9SFlIn-yDImT084c-pDn%22%3B'
    'PATH' => '/usr/local/bin:/usr/bin:/bin'
    'SERVER_SIGNATURE' => '<address>Apache/2.2.22 (Ubuntu) Server at localhost Port 80</address>
'
    'SERVER_SOFTWARE' => 'Apache/2.2.22 (Ubuntu)'
    'SERVER_NAME' => 'localhost'
    'SERVER_ADDR' => '127.0.0.1'
    'SERVER_PORT' => '80'
    'REMOTE_ADDR' => '127.0.0.1'
    'DOCUMENT_ROOT' => '/var/www'
    'SERVER_ADMIN' => 'webmaster@localhost'
    'SCRIPT_FILENAME' => '/var/www/project/backend/web/index.php'
    'REMOTE_PORT' => '59216'
    'GATEWAY_INTERFACE' => 'CGI/1.1'
    'SERVER_PROTOCOL' => 'HTTP/1.1'
    'REQUEST_METHOD' => 'GET'
    'QUERY_STRING' => 'r=gii%2Fdefault%2Fview&id=model'
    'REQUEST_URI' => '/project/backend/web/index.php?r=gii%2Fdefault%2Fview&id=model'
    'SCRIPT_NAME' => '/project/backend/web/index.php'
    'PHP_SELF' => '/project/backend/web/index.php'
    'REQUEST_TIME_FLOAT' => 1408500547.444
    'REQUEST_TIME' => 1408500547
]
2014-08-20 02:22:44 [127.0.0.1][][-][error][yii\db\Exception] exception 'PDOException' with message 'SQLSTATE[42000] [1049] Unknown database 'y2'' in /var/www/project/vendor/yiisoft/yii2/db/Connection.php:565
Stack trace:
#0 /var/www/project/vendor/yiisoft/yii2/db/Connection.php(565): PDO->__construct('mysql:host=loca...', 'root', '123456', NULL)
#1 /var/www/project/vendor/yiisoft/yii2/db/Connection.php(515): yii\db\Connection->createPdoInstance()
#2 /var/www/project/vendor/yiisoft/yii2/db/Connection.php(822): yii\db\Connection->open()
#3 /var/www/project/vendor/yiisoft/yii2/db/Connection.php(809): yii\db\Connection->getMasterPdo()
#4 /var/www/project/vendor/yiisoft/yii2/db/Schema.php(382): yii\db\Connection->getSlavePdo()
#5 /var/www/project/vendor/yiisoft/yii2/db/Connection.php(718): yii\db\Schema->quoteValue('customer@exampl...')
#6 /var/www/project/vendor/yiisoft/yii2/db/Command.php(164): yii\db\Connection->quoteValue('customer@exampl...')
#7 /var/www/project/vendor/yiisoft/yii2/db/Command.php(811): yii\db\Command->getRawSql()
#8 /var/www/project/vendor/yiisoft/yii2/db/Command.php(364): yii\db\Command->queryInternal('fetch', NULL)
#9 /var/www/project/vendor/yiisoft/yii2/db/Query.php(241): yii\db\Command->queryOne()
#10 /var/www/project/vendor/yiisoft/yii2/db/ActiveQuery.php(243): yii\db\Query->one(NULL)
#11 /var/www/project/vendor/yiisoft/yii2/db/ActiveRecord.php(180): yii\db\ActiveQuery->one()
#12 /var/www/project/vendor/yiisoft/yii2/db/BaseActiveRecord.php(101): yii\db\ActiveRecord::findByCondition(Array, true)
#13 /var/www/project/common/models/User.php(87): yii\db\BaseActiveRecord::findOne(Array)
#14 /var/www/project/common/models/LoginForm.php(72): common\models\User::findByUsername('customer@exampl...')
#15 /var/www/project/common/models/LoginForm.php(43): common\models\LoginForm->getUser()
#16 [internal function]: common\models\LoginForm->validatePassword('password', NULL)
#17 /var/www/project/vendor/yiisoft/yii2/validators/InlineValidator.php(67): call_user_func(Array, 'password', NULL)
#18 /var/www/project/vendor/yiisoft/yii2/validators/Validator.php(240): yii\validators\InlineValidator->validateAttribute(Object(common\models\LoginForm), 'password')
#19 /var/www/project/vendor/yiisoft/yii2/base/Model.php(333): yii\validators\Validator->validateAttributes(Object(common\models\LoginForm), Array)
#20 /var/www/project/common/models/LoginForm.php(57): yii\base\Model->validate()
#21 /var/www/project/backend/controllers/SiteController.php(68): common\models\LoginForm->login()
#22 [internal function]: backend\controllers\SiteController->actionLogin()
#23 /var/www/project/vendor/yiisoft/yii2/base/InlineAction.php(55): call_user_func_array(Array, Array)
#24 /var/www/project/vendor/yiisoft/yii2/base/Controller.php(150): yii\base\InlineAction->runWithParams(Array)
#25 /var/www/project/vendor/yiisoft/yii2/base/Module.php(462): yii\base\Controller->runAction('login', Array)
#26 /var/www/project/vendor/yiisoft/yii2/web/Application.php(83): yii\base\Module->runAction('site/login', Array)
#27 /var/www/project/vendor/yiisoft/yii2/base/Application.php(371): yii\web\Application->handleRequest(Object(yii\web\Request))
#28 /var/www/project/backend/web/index.php(17): yii\base\Application->run()
#29 {main}

Next exception 'yii\db\Exception' with message 'SQLSTATE[42000] [1049] Unknown database 'y2'' in /var/www/project/vendor/yiisoft/yii2/db/Connection.php:520
Stack trace:
#0 /var/www/project/vendor/yiisoft/yii2/db/Connection.php(822): yii\db\Connection->open()
#1 /var/www/project/vendor/yiisoft/yii2/db/Connection.php(809): yii\db\Connection->getMasterPdo()
#2 /var/www/project/vendor/yiisoft/yii2/db/Schema.php(382): yii\db\Connection->getSlavePdo()
#3 /var/www/project/vendor/yiisoft/yii2/db/Connection.php(718): yii\db\Schema->quoteValue('customer@exampl...')
#4 /var/www/project/vendor/yiisoft/yii2/db/Command.php(164): yii\db\Connection->quoteValue('customer@exampl...')
#5 /var/www/project/vendor/yiisoft/yii2/db/Command.php(811): yii\db\Command->getRawSql()
#6 /var/www/project/vendor/yiisoft/yii2/db/Command.php(364): yii\db\Command->queryInternal('fetch', NULL)
#7 /var/www/project/vendor/yiisoft/yii2/db/Query.php(241): yii\db\Command->queryOne()
#8 /var/www/project/vendor/yiisoft/yii2/db/ActiveQuery.php(243): yii\db\Query->one(NULL)
#9 /var/www/project/vendor/yiisoft/yii2/db/ActiveRecord.php(180): yii\db\ActiveQuery->one()
#10 /var/www/project/vendor/yiisoft/yii2/db/BaseActiveRecord.php(101): yii\db\ActiveRecord::findByCondition(Array, true)
#11 /var/www/project/common/models/User.php(87): yii\db\BaseActiveRecord::findOne(Array)
#12 /var/www/project/common/models/LoginForm.php(72): common\models\User::findByUsername('customer@exampl...')
#13 /var/www/project/common/models/LoginForm.php(43): common\models\LoginForm->getUser()
#14 [internal function]: common\models\LoginForm->validatePassword('password', NULL)
#15 /var/www/project/vendor/yiisoft/yii2/validators/InlineValidator.php(67): call_user_func(Array, 'password', NULL)
#16 /var/www/project/vendor/yiisoft/yii2/validators/Validator.php(240): yii\validators\InlineValidator->validateAttribute(Object(common\models\LoginForm), 'password')
#17 /var/www/project/vendor/yiisoft/yii2/base/Model.php(333): yii\validators\Validator->validateAttributes(Object(common\models\LoginForm), Array)
#18 /var/www/project/common/models/LoginForm.php(57): yii\base\Model->validate()
#19 /var/www/project/backend/controllers/SiteController.php(68): common\models\LoginForm->login()
#20 [internal function]: backend\controllers\SiteController->actionLogin()
#21 /var/www/project/vendor/yiisoft/yii2/base/InlineAction.php(55): call_user_func_array(Array, Array)
#22 /var/www/project/vendor/yiisoft/yii2/base/Controller.php(150): yii\base\InlineAction->runWithParams(Array)
#23 /var/www/project/vendor/yiisoft/yii2/base/Module.php(462): yii\base\Controller->runAction('login', Array)
#24 /var/www/project/vendor/yiisoft/yii2/web/Application.php(83): yii\base\Module->runAction('site/login', Array)
#25 /var/www/project/vendor/yiisoft/yii2/base/Application.php(371): yii\web\Application->handleRequest(Object(yii\web\Request))
#26 /var/www/project/backend/web/index.php(17): yii\base\Application->run()
#27 {main}
Additional Information:

2014-08-20 02:22:44 [127.0.0.1][][-][info][application] $_GET = [
    'r' => 'site/login'
]

$_POST = [
    '_csrf' => 'Q2oxSVRDR3kLJ3gQFQoOMXc.CAptEAEVCgQcMBAKKi1zUgUqeTMDFw=='
    'LoginForm' => [
        'username' => 'customer@example.com'
        'password' => 'admin'
        'rememberMe' => '1'
    ]
    'login-button' => ''
]

$_COOKIE = [
    'CNZZDATA5915994' => 'cnzz_eid=613450645-1407830445-&ntime=1408327001'
    'el-finder-last-finder' => '92e1beef23476ce24e93f86041a6bbcc'
    '_qzja' => '1.1614851673.1407835545168.1408437586530.1408499419062.1408499428425.1408499434867.0.0.0.120.11'
    '_qzjc' => '1'
    '_qzjto' => '3.1.0'
    '_csrf' => 'f65e80d5b48ec3fbe9b7adb1bf0d8eb60a24bdfed8847a40517816ca086f6677s:32:\"HMIYAIIH4T9C9SFlIn-yDImT084c-pDn\";'
    'PHPSESSID' => '6lvaq5udnd7d8mg5chttc0dpo5'
]

$_SESSION = [
    '__flash' => []
    '__returnUrl' => '/project/backend/web/index.php?r=site%2Findex'
]

$_SERVER = [
    'HTTP_AUTHORIZATION' => ''
    'HTTP_HOST' => 'localhost'
    'HTTP_CONNECTION' => 'keep-alive'
    'CONTENT_LENGTH' => '213'
    'HTTP_CACHE_CONTROL' => 'max-age=0'
    'HTTP_ACCEPT' => 'text/html,application/xhtml+xml,application/xml;q=0.9,image/webp,*/*;q=0.8'
    'HTTP_ORIGIN' => 'http://localhost'
    'HTTP_USER_AGENT' => 'Mozilla/5.0 (X11; Linux x86_64) AppleWebKit/537.36 (KHTML, like Gecko) Ubuntu Chromium/31.0.1650.63 Chrome/31.0.1650.63 Safari/537.36'
    'CONTENT_TYPE' => 'application/x-www-form-urlencoded'
    'HTTP_REFERER' => 'http://localhost/project/backend/web/index.php?r=site%2Flogin'
    'HTTP_ACCEPT_ENCODING' => 'gzip,deflate,sdch'
    'HTTP_ACCEPT_LANGUAGE' => 'zh-CN,zh;q=0.8,en;q=0.6,ja;q=0.4,zh-TW;q=0.2'
    'HTTP_COOKIE' => 'CNZZDATA5915994=cnzz_eid%3D613450645-1407830445-%26ntime%3D1408327001; el-finder-last-finder=92e1beef23476ce24e93f86041a6bbcc; _qzja=1.1614851673.1407835545168.1408437586530.1408499419062.1408499428425.1408499434867.0.0.0.120.11; _qzjc=1; _qzjto=3.1.0; _csrf=f65e80d5b48ec3fbe9b7adb1bf0d8eb60a24bdfed8847a40517816ca086f6677s%3A32%3A%22HMIYAIIH4T9C9SFlIn-yDImT084c-pDn%22%3B; PHPSESSID=6lvaq5udnd7d8mg5chttc0dpo5'
    'PATH' => '/usr/local/bin:/usr/bin:/bin'
    'SERVER_SIGNATURE' => '<address>Apache/2.2.22 (Ubuntu) Server at localhost Port 80</address>
'
    'SERVER_SOFTWARE' => 'Apache/2.2.22 (Ubuntu)'
    'SERVER_NAME' => 'localhost'
    'SERVER_ADDR' => '127.0.0.1'
    'SERVER_PORT' => '80'
    'REMOTE_ADDR' => '127.0.0.1'
    'DOCUMENT_ROOT' => '/var/www'
    'SERVER_ADMIN' => 'webmaster@localhost'
    'SCRIPT_FILENAME' => '/var/www/project/backend/web/index.php'
    'REMOTE_PORT' => '59376'
    'GATEWAY_INTERFACE' => 'CGI/1.1'
    'SERVER_PROTOCOL' => 'HTTP/1.1'
    'REQUEST_METHOD' => 'POST'
    'QUERY_STRING' => 'r=site%2Flogin'
    'REQUEST_URI' => '/project/backend/web/index.php?r=site%2Flogin'
    'SCRIPT_NAME' => '/project/backend/web/index.php'
    'PHP_SELF' => '/project/backend/web/index.php'
    'REQUEST_TIME_FLOAT' => 1408501364.098
    'REQUEST_TIME' => 1408501364
]
2014-08-22 05:38:46 [127.0.0.1][][-][error][yii\db\Exception] exception 'PDOException' with message 'SQLSTATE[42S02]: Base table or view not found: 1146 Table 'newdb.nb_user' doesn't exist' in /var/www/project/vendor/yiisoft/yii2/db/Command.php:840
Stack trace:
#0 /var/www/project/vendor/yiisoft/yii2/db/Command.php(840): PDOStatement->execute()
#1 /var/www/project/vendor/yiisoft/yii2/db/Command.php(364): yii\db\Command->queryInternal('fetch', NULL)
#2 /var/www/project/vendor/yiisoft/yii2/db/Query.php(241): yii\db\Command->queryOne()
#3 /var/www/project/vendor/yiisoft/yii2/db/ActiveQuery.php(243): yii\db\Query->one(NULL)
#4 /var/www/project/vendor/yiisoft/yii2/db/ActiveRecord.php(180): yii\db\ActiveQuery->one()
#5 /var/www/project/vendor/yiisoft/yii2/db/BaseActiveRecord.php(101): yii\db\ActiveRecord::findByCondition(Array, true)
#6 /var/www/project/common/models/User.php(87): yii\db\BaseActiveRecord::findOne(Array)
#7 /var/www/project/common/models/LoginForm.php(72): common\models\User::findByUsername('aaaaaa')
#8 /var/www/project/common/models/LoginForm.php(43): common\models\LoginForm->getUser()
#9 [internal function]: common\models\LoginForm->validatePassword('password', NULL)
#10 /var/www/project/vendor/yiisoft/yii2/validators/InlineValidator.php(67): call_user_func(Array, 'password', NULL)
#11 /var/www/project/vendor/yiisoft/yii2/validators/Validator.php(240): yii\validators\InlineValidator->validateAttribute(Object(common\models\LoginForm), 'password')
#12 /var/www/project/vendor/yiisoft/yii2/base/Model.php(333): yii\validators\Validator->validateAttributes(Object(common\models\LoginForm), Array)
#13 /var/www/project/common/models/LoginForm.php(57): yii\base\Model->validate()
#14 /var/www/project/backend/controllers/SiteController.php(68): common\models\LoginForm->login()
#15 [internal function]: backend\controllers\SiteController->actionLogin()
#16 /var/www/project/vendor/yiisoft/yii2/base/InlineAction.php(55): call_user_func_array(Array, Array)
#17 /var/www/project/vendor/yiisoft/yii2/base/Controller.php(150): yii\base\InlineAction->runWithParams(Array)
#18 /var/www/project/vendor/yiisoft/yii2/base/Module.php(462): yii\base\Controller->runAction('login', Array)
#19 /var/www/project/vendor/yiisoft/yii2/web/Application.php(83): yii\base\Module->runAction('site/login', Array)
#20 /var/www/project/vendor/yiisoft/yii2/base/Application.php(371): yii\web\Application->handleRequest(Object(yii\web\Request))
#21 /var/www/project/backend/web/index.php(17): yii\base\Application->run()
#22 {main}

Next exception 'yii\db\Exception' with message 'SQLSTATE[42S02]: Base table or view not found: 1146 Table 'newdb.nb_user' doesn't exist
The SQL being executed was: SELECT * FROM `nb_user` WHERE (`username`='aaaaaa') AND (`status`=10)' in /var/www/project/vendor/yiisoft/yii2/db/Schema.php:532
Stack trace:
#0 /var/www/project/vendor/yiisoft/yii2/db/Command.php(855): yii\db\Schema->convertException(Object(PDOException), 'SELECT * FROM `...')
#1 /var/www/project/vendor/yiisoft/yii2/db/Command.php(364): yii\db\Command->queryInternal('fetch', NULL)
#2 /var/www/project/vendor/yiisoft/yii2/db/Query.php(241): yii\db\Command->queryOne()
#3 /var/www/project/vendor/yiisoft/yii2/db/ActiveQuery.php(243): yii\db\Query->one(NULL)
#4 /var/www/project/vendor/yiisoft/yii2/db/ActiveRecord.php(180): yii\db\ActiveQuery->one()
#5 /var/www/project/vendor/yiisoft/yii2/db/BaseActiveRecord.php(101): yii\db\ActiveRecord::findByCondition(Array, true)
#6 /var/www/project/common/models/User.php(87): yii\db\BaseActiveRecord::findOne(Array)
#7 /var/www/project/common/models/LoginForm.php(72): common\models\User::findByUsername('aaaaaa')
#8 /var/www/project/common/models/LoginForm.php(43): common\models\LoginForm->getUser()
#9 [internal function]: common\models\LoginForm->validatePassword('password', NULL)
#10 /var/www/project/vendor/yiisoft/yii2/validators/InlineValidator.php(67): call_user_func(Array, 'password', NULL)
#11 /var/www/project/vendor/yiisoft/yii2/validators/Validator.php(240): yii\validators\InlineValidator->validateAttribute(Object(common\models\LoginForm), 'password')
#12 /var/www/project/vendor/yiisoft/yii2/base/Model.php(333): yii\validators\Validator->validateAttributes(Object(common\models\LoginForm), Array)
#13 /var/www/project/common/models/LoginForm.php(57): yii\base\Model->validate()
#14 /var/www/project/backend/controllers/SiteController.php(68): common\models\LoginForm->login()
#15 [internal function]: backend\controllers\SiteController->actionLogin()
#16 /var/www/project/vendor/yiisoft/yii2/base/InlineAction.php(55): call_user_func_array(Array, Array)
#17 /var/www/project/vendor/yiisoft/yii2/base/Controller.php(150): yii\base\InlineAction->runWithParams(Array)
#18 /var/www/project/vendor/yiisoft/yii2/base/Module.php(462): yii\base\Controller->runAction('login', Array)
#19 /var/www/project/vendor/yiisoft/yii2/web/Application.php(83): yii\base\Module->runAction('site/login', Array)
#20 /var/www/project/vendor/yiisoft/yii2/base/Application.php(371): yii\web\Application->handleRequest(Object(yii\web\Request))
#21 /var/www/project/backend/web/index.php(17): yii\base\Application->run()
#22 {main}
Additional Information:
Array
(
    [0] => 42S02
    [1] => 1146
    [2] => Table 'newdb.nb_user' doesn't exist
)

2014-08-22 05:38:46 [127.0.0.1][][-][info][application] $_GET = [
    'r' => 'site/login'
]

$_POST = [
    '_csrf' => 'NWpIWVB5MU1NBQcrNwxiKgINKx8FEXwXbSQbYBlNZwVAUw10OhdTAQ=='
    'LoginForm' => [
        'username' => 'aaaaaa'
        'password' => '111111'
        'rememberMe' => '1'
    ]
    'login-button' => ''
]

$_COOKIE = [
    'CNZZDATA5915994' => 'cnzz_eid=613450645-1407830445-&ntime=1408327001'
    'el-finder-last-finder' => '64fe48c3b17913bc2a3f6f16fabef538'
    '_qzja' => '1.1614851673.1407835545168.1408502182664.1408512319047.1408512319047.1408513228271.0.0.0.126.13'
    'PHPSESSID' => 'hhn59ssro6qvpgrfu0lturi541'
    '_csrf' => 'cbd81cf6b9287b0433b923e4c0881f72cc85378dac86006c1167cc3774102c42s:32:\"xoOrguSg7gcFUhMZXNS9I4VHu9E-jnbL\";'
]

$_SESSION = [
    '__flash' => []
]

$_SERVER = [
    'HTTP_AUTHORIZATION' => ''
    'HTTP_HOST' => 'localhost'
    'HTTP_CONNECTION' => 'keep-alive'
    'CONTENT_LENGTH' => '198'
    'HTTP_CACHE_CONTROL' => 'max-age=0'
    'HTTP_ACCEPT' => 'text/html,application/xhtml+xml,application/xml;q=0.9,image/webp,*/*;q=0.8'
    'HTTP_ORIGIN' => 'http://localhost'
    'HTTP_USER_AGENT' => 'Mozilla/5.0 (X11; Linux x86_64) AppleWebKit/537.36 (KHTML, like Gecko) Ubuntu Chromium/31.0.1650.63 Chrome/31.0.1650.63 Safari/537.36'
    'CONTENT_TYPE' => 'application/x-www-form-urlencoded'
    'HTTP_REFERER' => 'http://localhost/project/backend/web/index.php?r=site/login'
    'HTTP_ACCEPT_ENCODING' => 'gzip,deflate,sdch'
    'HTTP_ACCEPT_LANGUAGE' => 'zh-CN,zh;q=0.8,en;q=0.6,ja;q=0.4,zh-TW;q=0.2'
    'HTTP_COOKIE' => 'CNZZDATA5915994=cnzz_eid%3D613450645-1407830445-%26ntime%3D1408327001; el-finder-last-finder=64fe48c3b17913bc2a3f6f16fabef538; _qzja=1.1614851673.1407835545168.1408502182664.1408512319047.1408512319047.1408513228271.0.0.0.126.13; PHPSESSID=hhn59ssro6qvpgrfu0lturi541; _csrf=cbd81cf6b9287b0433b923e4c0881f72cc85378dac86006c1167cc3774102c42s%3A32%3A%22xoOrguSg7gcFUhMZXNS9I4VHu9E-jnbL%22%3B'
    'PATH' => '/usr/local/bin:/usr/bin:/bin'
    'SERVER_SIGNATURE' => '<address>Apache/2.2.22 (Ubuntu) Server at localhost Port 80</address>
'
    'SERVER_SOFTWARE' => 'Apache/2.2.22 (Ubuntu)'
    'SERVER_NAME' => 'localhost'
    'SERVER_ADDR' => '127.0.0.1'
    'SERVER_PORT' => '80'
    'REMOTE_ADDR' => '127.0.0.1'
    'DOCUMENT_ROOT' => '/var/www'
    'SERVER_ADMIN' => 'webmaster@localhost'
    'SCRIPT_FILENAME' => '/var/www/project/backend/web/index.php'
    'REMOTE_PORT' => '58396'
    'GATEWAY_INTERFACE' => 'CGI/1.1'
    'SERVER_PROTOCOL' => 'HTTP/1.1'
    'REQUEST_METHOD' => 'POST'
    'QUERY_STRING' => 'r=site/login'
    'REQUEST_URI' => '/project/backend/web/index.php?r=site/login'
    'SCRIPT_NAME' => '/project/backend/web/index.php'
    'PHP_SELF' => '/project/backend/web/index.php'
    'REQUEST_TIME_FLOAT' => 1408685926.314
    'REQUEST_TIME' => 1408685926
]
2014-08-22 05:40:01 [127.0.0.1][][-][error][yii\base\UnknownClassException] exception 'yii\base\UnknownClassException' with message 'Unable to find 'common\models\User' in file: /var/www/project/common/models/User.php. Namespace missing?' in /var/www/project/vendor/yiisoft/yii2/BaseYii.php:291
Stack trace:
#0 [internal function]: yii\BaseYii::autoload('common\models\U...')
#1 /var/www/project/common/models/LoginForm.php(72): spl_autoload_call('common\models\U...')
#2 /var/www/project/common/models/LoginForm.php(43): common\models\LoginForm->getUser()
#3 [internal function]: common\models\LoginForm->validatePassword('password', NULL)
#4 /var/www/project/vendor/yiisoft/yii2/validators/InlineValidator.php(67): call_user_func(Array, 'password', NULL)
#5 /var/www/project/vendor/yiisoft/yii2/validators/Validator.php(240): yii\validators\InlineValidator->validateAttribute(Object(common\models\LoginForm), 'password')
#6 /var/www/project/vendor/yiisoft/yii2/base/Model.php(333): yii\validators\Validator->validateAttributes(Object(common\models\LoginForm), Array)
#7 /var/www/project/common/models/LoginForm.php(57): yii\base\Model->validate()
#8 /var/www/project/backend/controllers/SiteController.php(68): common\models\LoginForm->login()
#9 [internal function]: backend\controllers\SiteController->actionLogin()
#10 /var/www/project/vendor/yiisoft/yii2/base/InlineAction.php(55): call_user_func_array(Array, Array)
#11 /var/www/project/vendor/yiisoft/yii2/base/Controller.php(150): yii\base\InlineAction->runWithParams(Array)
#12 /var/www/project/vendor/yiisoft/yii2/base/Module.php(462): yii\base\Controller->runAction('login', Array)
#13 /var/www/project/vendor/yiisoft/yii2/web/Application.php(83): yii\base\Module->runAction('site/login', Array)
#14 /var/www/project/vendor/yiisoft/yii2/base/Application.php(371): yii\web\Application->handleRequest(Object(yii\web\Request))
#15 /var/www/project/backend/web/index.php(17): yii\base\Application->run()
#16 {main}
2014-08-22 05:40:01 [127.0.0.1][][-][info][application] $_GET = [
    'r' => 'site/login'
]

$_POST = [
    '_csrf' => 'NWpIWVB5MU1NBQcrNwxiKgINKx8FEXwXbSQbYBlNZwVAUw10OhdTAQ=='
    'LoginForm' => [
        'username' => 'aaaaaa'
        'password' => '111111'
        'rememberMe' => '1'
    ]
    'login-button' => ''
]

$_COOKIE = [
    'CNZZDATA5915994' => 'cnzz_eid=613450645-1407830445-&ntime=1408327001'
    'el-finder-last-finder' => '64fe48c3b17913bc2a3f6f16fabef538'
    '_qzja' => '1.1614851673.1407835545168.1408502182664.1408512319047.1408512319047.1408513228271.0.0.0.126.13'
    'PHPSESSID' => 'hhn59ssro6qvpgrfu0lturi541'
    '_csrf' => 'cbd81cf6b9287b0433b923e4c0881f72cc85378dac86006c1167cc3774102c42s:32:\"xoOrguSg7gcFUhMZXNS9I4VHu9E-jnbL\";'
]

$_SESSION = [
    '__flash' => []
]

$_SERVER = [
    'HTTP_AUTHORIZATION' => ''
    'HTTP_HOST' => 'localhost'
    'HTTP_CONNECTION' => 'keep-alive'
    'CONTENT_LENGTH' => '198'
    'HTTP_CACHE_CONTROL' => 'max-age=0'
    'HTTP_ACCEPT' => 'text/html,application/xhtml+xml,application/xml;q=0.9,image/webp,*/*;q=0.8'
    'HTTP_ORIGIN' => 'http://localhost'
    'HTTP_USER_AGENT' => 'Mozilla/5.0 (X11; Linux x86_64) AppleWebKit/537.36 (KHTML, like Gecko) Ubuntu Chromium/31.0.1650.63 Chrome/31.0.1650.63 Safari/537.36'
    'CONTENT_TYPE' => 'application/x-www-form-urlencoded'
    'HTTP_REFERER' => 'http://localhost/project/backend/web/index.php?r=site/login'
    'HTTP_ACCEPT_ENCODING' => 'gzip,deflate,sdch'
    'HTTP_ACCEPT_LANGUAGE' => 'zh-CN,zh;q=0.8,en;q=0.6,ja;q=0.4,zh-TW;q=0.2'
    'HTTP_COOKIE' => 'CNZZDATA5915994=cnzz_eid%3D613450645-1407830445-%26ntime%3D1408327001; el-finder-last-finder=64fe48c3b17913bc2a3f6f16fabef538; _qzja=1.1614851673.1407835545168.1408502182664.1408512319047.1408512319047.1408513228271.0.0.0.126.13; PHPSESSID=hhn59ssro6qvpgrfu0lturi541; _csrf=cbd81cf6b9287b0433b923e4c0881f72cc85378dac86006c1167cc3774102c42s%3A32%3A%22xoOrguSg7gcFUhMZXNS9I4VHu9E-jnbL%22%3B'
    'PATH' => '/usr/local/bin:/usr/bin:/bin'
    'SERVER_SIGNATURE' => '<address>Apache/2.2.22 (Ubuntu) Server at localhost Port 80</address>
'
    'SERVER_SOFTWARE' => 'Apache/2.2.22 (Ubuntu)'
    'SERVER_NAME' => 'localhost'
    'SERVER_ADDR' => '127.0.0.1'
    'SERVER_PORT' => '80'
    'REMOTE_ADDR' => '127.0.0.1'
    'DOCUMENT_ROOT' => '/var/www'
    'SERVER_ADMIN' => 'webmaster@localhost'
    'SCRIPT_FILENAME' => '/var/www/project/backend/web/index.php'
    'REMOTE_PORT' => '58398'
    'GATEWAY_INTERFACE' => 'CGI/1.1'
    'SERVER_PROTOCOL' => 'HTTP/1.1'
    'REQUEST_METHOD' => 'POST'
    'QUERY_STRING' => 'r=site/login'
    'REQUEST_URI' => '/project/backend/web/index.php?r=site/login'
    'SCRIPT_NAME' => '/project/backend/web/index.php'
    'PHP_SELF' => '/project/backend/web/index.php'
    'REQUEST_TIME_FLOAT' => 1408686001.016
    'REQUEST_TIME' => 1408686001
]
2014-08-22 05:41:33 [127.0.0.1][][hhn59ssro6qvpgrfu0lturi541][error][yii\base\ErrorException:1] exception 'yii\base\ErrorException' with message 'Class 'common\models\User' not found' in /var/www/project/common/models/LoginForm.php:72
Stack trace:
#0 [internal function]: yii\base\ErrorHandler->handleFatalError()
#1 {main}
2014-08-22 05:41:33 [127.0.0.1][][hhn59ssro6qvpgrfu0lturi541][info][application] $_GET = [
    'r' => 'site/login'
]

$_POST = [
    '_csrf' => 'azNMRFVEY0MTXAM2MjEwJFxULwIALC4ZM30ffRxwNQseCglpPyoBDw=='
    'LoginForm' => [
        'username' => 'aaaaaa'
        'password' => '111111'
        'rememberMe' => '1'
    ]
    'login-button' => ''
]

$_COOKIE = [
    'CNZZDATA5915994' => 'cnzz_eid=613450645-1407830445-&ntime=1408327001'
    'el-finder-last-finder' => '64fe48c3b17913bc2a3f6f16fabef538'
    '_qzja' => '1.1614851673.1407835545168.1408502182664.1408512319047.1408512319047.1408513228271.0.0.0.126.13'
    'PHPSESSID' => 'hhn59ssro6qvpgrfu0lturi541'
    '_csrf' => 'cbd81cf6b9287b0433b923e4c0881f72cc85378dac86006c1167cc3774102c42s:32:\"xoOrguSg7gcFUhMZXNS9I4VHu9E-jnbL\";'
]

$_SESSION = [
    '__flash' => []
]

$_SERVER = [
    'HTTP_AUTHORIZATION' => ''
    'HTTP_HOST' => 'localhost'
    'HTTP_CONNECTION' => 'keep-alive'
    'CONTENT_LENGTH' => '198'
    'HTTP_CACHE_CONTROL' => 'max-age=0'
    'HTTP_ACCEPT' => 'text/html,application/xhtml+xml,application/xml;q=0.9,image/webp,*/*;q=0.8'
    'HTTP_ORIGIN' => 'http://localhost'
    'HTTP_USER_AGENT' => 'Mozilla/5.0 (X11; Linux x86_64) AppleWebKit/537.36 (KHTML, like Gecko) Ubuntu Chromium/31.0.1650.63 Chrome/31.0.1650.63 Safari/537.36'
    'CONTENT_TYPE' => 'application/x-www-form-urlencoded'
    'HTTP_REFERER' => 'http://localhost/project/backend/web/index.php?r=site/login'
    'HTTP_ACCEPT_ENCODING' => 'gzip,deflate,sdch'
    'HTTP_ACCEPT_LANGUAGE' => 'zh-CN,zh;q=0.8,en;q=0.6,ja;q=0.4,zh-TW;q=0.2'
    'HTTP_COOKIE' => 'CNZZDATA5915994=cnzz_eid%3D613450645-1407830445-%26ntime%3D1408327001; el-finder-last-finder=64fe48c3b17913bc2a3f6f16fabef538; _qzja=1.1614851673.1407835545168.1408502182664.1408512319047.1408512319047.1408513228271.0.0.0.126.13; PHPSESSID=hhn59ssro6qvpgrfu0lturi541; _csrf=cbd81cf6b9287b0433b923e4c0881f72cc85378dac86006c1167cc3774102c42s%3A32%3A%22xoOrguSg7gcFUhMZXNS9I4VHu9E-jnbL%22%3B'
    'PATH' => '/usr/local/bin:/usr/bin:/bin'
    'SERVER_SIGNATURE' => '<address>Apache/2.2.22 (Ubuntu) Server at localhost Port 80</address>
'
    'SERVER_SOFTWARE' => 'Apache/2.2.22 (Ubuntu)'
    'SERVER_NAME' => 'localhost'
    'SERVER_ADDR' => '127.0.0.1'
    'SERVER_PORT' => '80'
    'REMOTE_ADDR' => '127.0.0.1'
    'DOCUMENT_ROOT' => '/var/www'
    'SERVER_ADMIN' => 'webmaster@localhost'
    'SCRIPT_FILENAME' => '/var/www/project/backend/web/index.php'
    'REMOTE_PORT' => '58416'
    'GATEWAY_INTERFACE' => 'CGI/1.1'
    'SERVER_PROTOCOL' => 'HTTP/1.1'
    'REQUEST_METHOD' => 'POST'
    'QUERY_STRING' => 'r=site/login'
    'REQUEST_URI' => '/project/backend/web/index.php?r=site/login'
    'SCRIPT_NAME' => '/project/backend/web/index.php'
    'PHP_SELF' => '/project/backend/web/index.php'
    'REQUEST_TIME_FLOAT' => 1408686093.664
    'REQUEST_TIME' => 1408686093
]
2014-08-22 05:44:02 [127.0.0.1][][hhn59ssro6qvpgrfu0lturi541][error][yii\base\ErrorException:1] exception 'yii\base\ErrorException' with message 'Call to undefined method common\models\User::findByUsername()' in /var/www/project/common/models/LoginForm.php:72
Stack trace:
#0 [internal function]: yii\base\ErrorHandler->handleFatalError()
#1 {main}
2014-08-22 05:44:02 [127.0.0.1][][hhn59ssro6qvpgrfu0lturi541][info][application] $_GET = [
    'r' => 'site/login'
]

$_POST = [
    '_csrf' => 'NUFqVzJVUHVNLiUlVSADEgImCRFnPR0vbQ85bnthBj1AeC96WDsyOQ=='
    'LoginForm' => [
        'username' => 'aaaaaa'
        'password' => '111111'
        'rememberMe' => '1'
    ]
    'login-button' => ''
]

$_COOKIE = [
    'CNZZDATA5915994' => 'cnzz_eid=613450645-1407830445-&ntime=1408327001'
    'el-finder-last-finder' => '64fe48c3b17913bc2a3f6f16fabef538'
    '_qzja' => '1.1614851673.1407835545168.1408502182664.1408512319047.1408512319047.1408513228271.0.0.0.126.13'
    'PHPSESSID' => 'hhn59ssro6qvpgrfu0lturi541'
    '_csrf' => 'cbd81cf6b9287b0433b923e4c0881f72cc85378dac86006c1167cc3774102c42s:32:\"xoOrguSg7gcFUhMZXNS9I4VHu9E-jnbL\";'
]

$_SESSION = [
    '__flash' => []
]

$_SERVER = [
    'HTTP_AUTHORIZATION' => ''
    'HTTP_HOST' => 'localhost'
    'HTTP_CONNECTION' => 'keep-alive'
    'CONTENT_LENGTH' => '198'
    'HTTP_CACHE_CONTROL' => 'max-age=0'
    'HTTP_ACCEPT' => 'text/html,application/xhtml+xml,application/xml;q=0.9,image/webp,*/*;q=0.8'
    'HTTP_ORIGIN' => 'http://localhost'
    'HTTP_USER_AGENT' => 'Mozilla/5.0 (X11; Linux x86_64) AppleWebKit/537.36 (KHTML, like Gecko) Ubuntu Chromium/31.0.1650.63 Chrome/31.0.1650.63 Safari/537.36'
    'CONTENT_TYPE' => 'application/x-www-form-urlencoded'
    'HTTP_REFERER' => 'http://localhost/project/backend/web/index.php?r=site/login'
    'HTTP_ACCEPT_ENCODING' => 'gzip,deflate,sdch'
    'HTTP_ACCEPT_LANGUAGE' => 'zh-CN,zh;q=0.8,en;q=0.6,ja;q=0.4,zh-TW;q=0.2'
    'HTTP_COOKIE' => 'CNZZDATA5915994=cnzz_eid%3D613450645-1407830445-%26ntime%3D1408327001; el-finder-last-finder=64fe48c3b17913bc2a3f6f16fabef538; _qzja=1.1614851673.1407835545168.1408502182664.1408512319047.1408512319047.1408513228271.0.0.0.126.13; PHPSESSID=hhn59ssro6qvpgrfu0lturi541; _csrf=cbd81cf6b9287b0433b923e4c0881f72cc85378dac86006c1167cc3774102c42s%3A32%3A%22xoOrguSg7gcFUhMZXNS9I4VHu9E-jnbL%22%3B'
    'PATH' => '/usr/local/bin:/usr/bin:/bin'
    'SERVER_SIGNATURE' => '<address>Apache/2.2.22 (Ubuntu) Server at localhost Port 80</address>
'
    'SERVER_SOFTWARE' => 'Apache/2.2.22 (Ubuntu)'
    'SERVER_NAME' => 'localhost'
    'SERVER_ADDR' => '127.0.0.1'
    'SERVER_PORT' => '80'
    'REMOTE_ADDR' => '127.0.0.1'
    'DOCUMENT_ROOT' => '/var/www'
    'SERVER_ADMIN' => 'webmaster@localhost'
    'SCRIPT_FILENAME' => '/var/www/project/backend/web/index.php'
    'REMOTE_PORT' => '58424'
    'GATEWAY_INTERFACE' => 'CGI/1.1'
    'SERVER_PROTOCOL' => 'HTTP/1.1'
    'REQUEST_METHOD' => 'POST'
    'QUERY_STRING' => 'r=site/login'
    'REQUEST_URI' => '/project/backend/web/index.php?r=site/login'
    'SCRIPT_NAME' => '/project/backend/web/index.php'
    'PHP_SELF' => '/project/backend/web/index.php'
    'REQUEST_TIME_FLOAT' => 1408686242.936
    'REQUEST_TIME' => 1408686242
]
